=========================================================================================
data directory: /Users/alisonykim/Documents/master_uzh/23fs_mt/ex/mt-2023-ex03/data/tarantino
model: LSTM
number of heads in encoder/decoder of transformer model, if used: 2
embedding size: 200
number of hidden units per layer: 200
number of layers: 2
initial learning rate: 20
gradient clipping value: 0.25
epochs: 50
batch_size: 20
sequence length: 35
dropout: 0.5
tie word embedding and softmax weights: True
random seed: 1111
device: MPS
path to saved model: /Users/alisonykim/Documents/master_uzh/23fs_mt/ex/mt-2023-ex03/models/model_1.pt
path to saved perplexity values: None
path to export final model: 
=========================================================================================

| epoch   1 |   100/  204 batches | lr 20.00 | ms/batch 20.21 | loss  6.46 | ppl   639.53
| epoch   1 |   200/  204 batches | lr 20.00 | ms/batch 16.04 | loss  5.66 | ppl   288.53
-----------------------------------------------------------------------------------------
| end of epoch   1 | time:  4.02s | valid loss  5.46 | valid ppl   235.71
-----------------------------------------------------------------------------------------
| epoch   2 |   100/  204 batches | lr 20.00 | ms/batch 16.25 | loss  5.38 | ppl   217.46
| epoch   2 |   200/  204 batches | lr 20.00 | ms/batch 16.29 | loss  5.17 | ppl   175.84
-----------------------------------------------------------------------------------------
| end of epoch   2 | time:  3.57s | valid loss  5.07 | valid ppl   158.64
-----------------------------------------------------------------------------------------
| epoch   3 |   100/  204 batches | lr 20.00 | ms/batch 16.35 | loss  5.09 | ppl   162.05
| epoch   3 |   200/  204 batches | lr 20.00 | ms/batch 16.21 | loss  4.97 | ppl   144.61
-----------------------------------------------------------------------------------------
| end of epoch   3 | time:  3.57s | valid loss  4.92 | valid ppl   136.46
-----------------------------------------------------------------------------------------
| epoch   4 |   100/  204 batches | lr 20.00 | ms/batch 16.20 | loss  4.94 | ppl   139.90
| epoch   4 |   200/  204 batches | lr 20.00 | ms/batch 16.07 | loss  4.86 | ppl   128.79
-----------------------------------------------------------------------------------------
| end of epoch   4 | time:  3.54s | valid loss  4.80 | valid ppl   121.55
-----------------------------------------------------------------------------------------
| epoch   5 |   100/  204 batches | lr 20.00 | ms/batch 16.22 | loss  4.85 | ppl   127.81
| epoch   5 |   200/  204 batches | lr 20.00 | ms/batch 16.07 | loss  4.78 | ppl   119.18
-----------------------------------------------------------------------------------------
| end of epoch   5 | time:  3.54s | valid loss  4.75 | valid ppl   115.28
-----------------------------------------------------------------------------------------
| epoch   6 |   100/  204 batches | lr 20.00 | ms/batch 16.21 | loss  4.79 | ppl   120.29
| epoch   6 |   200/  204 batches | lr 20.00 | ms/batch 16.05 | loss  4.73 | ppl   113.49
-----------------------------------------------------------------------------------------
| end of epoch   6 | time:  3.54s | valid loss  4.72 | valid ppl   111.75
-----------------------------------------------------------------------------------------
| epoch   7 |   100/  204 batches | lr 20.00 | ms/batch 16.20 | loss  4.73 | ppl   113.71
| epoch   7 |   200/  204 batches | lr 20.00 | ms/batch 16.03 | loss  4.68 | ppl   107.94
-----------------------------------------------------------------------------------------
| end of epoch   7 | time:  3.54s | valid loss  4.68 | valid ppl   107.95
-----------------------------------------------------------------------------------------
| epoch   8 |   100/  204 batches | lr 20.00 | ms/batch 16.30 | loss  4.70 | ppl   109.70
| epoch   8 |   200/  204 batches | lr 20.00 | ms/batch 16.09 | loss  4.64 | ppl   103.65
-----------------------------------------------------------------------------------------
| end of epoch   8 | time:  3.56s | valid loss  4.66 | valid ppl   105.59
-----------------------------------------------------------------------------------------
| epoch   9 |   100/  204 batches | lr 20.00 | ms/batch 16.39 | loss  4.66 | ppl   106.12
| epoch   9 |   200/  204 batches | lr 20.00 | ms/batch 15.99 | loss  4.61 | ppl   100.72
-----------------------------------------------------------------------------------------
| end of epoch   9 | time:  3.56s | valid loss  4.67 | valid ppl   106.31
-----------------------------------------------------------------------------------------
| epoch  10 |   100/  204 batches | lr 5.00 | ms/batch 16.22 | loss  4.57 | ppl    96.53
| epoch  10 |   200/  204 batches | lr 5.00 | ms/batch 16.15 | loss  4.43 | ppl    83.71
-----------------------------------------------------------------------------------------
| end of epoch  10 | time:  3.56s | valid loss  4.57 | valid ppl    96.09
-----------------------------------------------------------------------------------------
| epoch  11 |   100/  204 batches | lr 5.00 | ms/batch 16.35 | loss  4.50 | ppl    89.81
| epoch  11 |   200/  204 batches | lr 5.00 | ms/batch 16.00 | loss  4.40 | ppl    81.32
-----------------------------------------------------------------------------------------
| end of epoch  11 | time:  3.55s | valid loss  4.56 | valid ppl    95.14
-----------------------------------------------------------------------------------------
| epoch  12 |   100/  204 batches | lr 5.00 | ms/batch 16.19 | loss  4.46 | ppl    86.81
| epoch  12 |   200/  204 batches | lr 5.00 | ms/batch 16.08 | loss  4.38 | ppl    79.63
-----------------------------------------------------------------------------------------
| end of epoch  12 | time:  3.54s | valid loss  4.55 | valid ppl    95.02
-----------------------------------------------------------------------------------------
| epoch  13 |   100/  204 batches | lr 5.00 | ms/batch 16.19 | loss  4.44 | ppl    84.83
| epoch  13 |   200/  204 batches | lr 5.00 | ms/batch 16.02 | loss  4.37 | ppl    78.83
-----------------------------------------------------------------------------------------
| end of epoch  13 | time:  3.54s | valid loss  4.55 | valid ppl    94.22
-----------------------------------------------------------------------------------------
| epoch  14 |   100/  204 batches | lr 5.00 | ms/batch 16.46 | loss  4.42 | ppl    83.01
| epoch  14 |   200/  204 batches | lr 5.00 | ms/batch 16.06 | loss  4.34 | ppl    77.09
-----------------------------------------------------------------------------------------
| end of epoch  14 | time:  3.57s | valid loss  4.54 | valid ppl    94.05
-----------------------------------------------------------------------------------------
| epoch  15 |   100/  204 batches | lr 5.00 | ms/batch 16.40 | loss  4.41 | ppl    81.91
| epoch  15 |   200/  204 batches | lr 5.00 | ms/batch 17.51 | loss  4.34 | ppl    76.37
-----------------------------------------------------------------------------------------
| end of epoch  15 | time:  3.72s | valid loss  4.54 | valid ppl    93.83
-----------------------------------------------------------------------------------------
| epoch  16 |   100/  204 batches | lr 5.00 | ms/batch 16.34 | loss  4.39 | ppl    80.26
| epoch  16 |   200/  204 batches | lr 5.00 | ms/batch 15.97 | loss  4.32 | ppl    75.26
-----------------------------------------------------------------------------------------
| end of epoch  16 | time:  3.65s | valid loss  4.54 | valid ppl    93.81
-----------------------------------------------------------------------------------------
| epoch  17 |   100/  204 batches | lr 5.00 | ms/batch 16.38 | loss  4.38 | ppl    79.52
| epoch  17 |   200/  204 batches | lr 5.00 | ms/batch 16.04 | loss  4.31 | ppl    74.24
-----------------------------------------------------------------------------------------
| end of epoch  17 | time:  3.57s | valid loss  4.54 | valid ppl    93.41
-----------------------------------------------------------------------------------------
| epoch  18 |   100/  204 batches | lr 5.00 | ms/batch 16.30 | loss  4.36 | ppl    78.32
| epoch  18 |   200/  204 batches | lr 5.00 | ms/batch 15.93 | loss  4.30 | ppl    73.41
-----------------------------------------------------------------------------------------
| end of epoch  18 | time:  3.59s | valid loss  4.53 | valid ppl    93.15
-----------------------------------------------------------------------------------------
| epoch  19 |   100/  204 batches | lr 5.00 | ms/batch 16.32 | loss  4.35 | ppl    77.64
| epoch  19 |   200/  204 batches | lr 5.00 | ms/batch 16.23 | loss  4.29 | ppl    72.76
-----------------------------------------------------------------------------------------
| end of epoch  19 | time:  3.64s | valid loss  4.53 | valid ppl    93.01
-----------------------------------------------------------------------------------------
| epoch  20 |   100/  204 batches | lr 5.00 | ms/batch 16.42 | loss  4.33 | ppl    75.94
| epoch  20 |   200/  204 batches | lr 5.00 | ms/batch 16.11 | loss  4.27 | ppl    71.86
-----------------------------------------------------------------------------------------
| end of epoch  20 | time:  3.59s | valid loss  4.53 | valid ppl    92.99
-----------------------------------------------------------------------------------------
| epoch  21 |   100/  204 batches | lr 5.00 | ms/batch 16.40 | loss  4.32 | ppl    75.46
| epoch  21 |   200/  204 batches | lr 5.00 | ms/batch 16.19 | loss  4.26 | ppl    71.00
-----------------------------------------------------------------------------------------
| end of epoch  21 | time:  3.57s | valid loss  4.53 | valid ppl    92.81
-----------------------------------------------------------------------------------------
| epoch  22 |   100/  204 batches | lr 5.00 | ms/batch 16.41 | loss  4.31 | ppl    74.59
| epoch  22 |   200/  204 batches | lr 5.00 | ms/batch 16.13 | loss  4.25 | ppl    70.04
-----------------------------------------------------------------------------------------
| end of epoch  22 | time:  3.60s | valid loss  4.53 | valid ppl    92.83
-----------------------------------------------------------------------------------------
| epoch  23 |   100/  204 batches | lr 1.25 | ms/batch 16.40 | loss  4.29 | ppl    72.78
| epoch  23 |   200/  204 batches | lr 1.25 | ms/batch 16.16 | loss  4.20 | ppl    66.71
-----------------------------------------------------------------------------------------
| end of epoch  23 | time:  3.59s | valid loss  4.52 | valid ppl    91.65
-----------------------------------------------------------------------------------------
| epoch  24 |   100/  204 batches | lr 1.25 | ms/batch 16.37 | loss  4.26 | ppl    71.11
| epoch  24 |   200/  204 batches | lr 1.25 | ms/batch 16.47 | loss  4.19 | ppl    66.12
-----------------------------------------------------------------------------------------
| end of epoch  24 | time:  3.62s | valid loss  4.52 | valid ppl    91.46
-----------------------------------------------------------------------------------------
| epoch  25 |   100/  204 batches | lr 1.25 | ms/batch 16.43 | loss  4.26 | ppl    70.85
| epoch  25 |   200/  204 batches | lr 1.25 | ms/batch 16.22 | loss  4.19 | ppl    65.85
-----------------------------------------------------------------------------------------
| end of epoch  25 | time:  3.60s | valid loss  4.52 | valid ppl    91.41
-----------------------------------------------------------------------------------------
| epoch  26 |   100/  204 batches | lr 1.25 | ms/batch 16.58 | loss  4.25 | ppl    69.96
| epoch  26 |   200/  204 batches | lr 1.25 | ms/batch 16.23 | loss  4.18 | ppl    65.59
-----------------------------------------------------------------------------------------
| end of epoch  26 | time:  3.60s | valid loss  4.51 | valid ppl    91.29
-----------------------------------------------------------------------------------------
| epoch  27 |   100/  204 batches | lr 1.25 | ms/batch 16.83 | loss  4.25 | ppl    70.12
| epoch  27 |   200/  204 batches | lr 1.25 | ms/batch 16.80 | loss  4.18 | ppl    65.17
-----------------------------------------------------------------------------------------
| end of epoch  27 | time:  3.68s | valid loss  4.51 | valid ppl    91.23
-----------------------------------------------------------------------------------------
| epoch  28 |   100/  204 batches | lr 1.25 | ms/batch 16.35 | loss  4.24 | ppl    69.69
| epoch  28 |   200/  204 batches | lr 1.25 | ms/batch 16.25 | loss  4.18 | ppl    65.17
-----------------------------------------------------------------------------------------
| end of epoch  28 | time:  3.57s | valid loss  4.51 | valid ppl    91.27
-----------------------------------------------------------------------------------------
| epoch  29 |   100/  204 batches | lr 0.31 | ms/batch 16.26 | loss  4.23 | ppl    68.97
| epoch  29 |   200/  204 batches | lr 0.31 | ms/batch 16.07 | loss  4.15 | ppl    63.75
-----------------------------------------------------------------------------------------
| end of epoch  29 | time:  3.55s | valid loss  4.51 | valid ppl    90.96
-----------------------------------------------------------------------------------------
| epoch  30 |   100/  204 batches | lr 0.31 | ms/batch 16.14 | loss  4.23 | ppl    68.89
| epoch  30 |   200/  204 batches | lr 0.31 | ms/batch 16.14 | loss  4.16 | ppl    64.08
-----------------------------------------------------------------------------------------
| end of epoch  30 | time:  3.54s | valid loss  4.51 | valid ppl    90.89
-----------------------------------------------------------------------------------------
| epoch  31 |   100/  204 batches | lr 0.31 | ms/batch 16.39 | loss  4.23 | ppl    68.70
| epoch  31 |   200/  204 batches | lr 0.31 | ms/batch 16.18 | loss  4.16 | ppl    64.03
-----------------------------------------------------------------------------------------
| end of epoch  31 | time:  3.58s | valid loss  4.51 | valid ppl    90.89
-----------------------------------------------------------------------------------------
| epoch  32 |   100/  204 batches | lr 0.08 | ms/batch 16.30 | loss  4.23 | ppl    68.52
| epoch  32 |   200/  204 batches | lr 0.08 | ms/batch 15.94 | loss  4.15 | ppl    63.31
-----------------------------------------------------------------------------------------
| end of epoch  32 | time:  3.54s | valid loss  4.51 | valid ppl    90.87
-----------------------------------------------------------------------------------------
| epoch  33 |   100/  204 batches | lr 0.08 | ms/batch 16.24 | loss  4.23 | ppl    68.56
| epoch  33 |   200/  204 batches | lr 0.08 | ms/batch 16.53 | loss  4.15 | ppl    63.42
-----------------------------------------------------------------------------------------
| end of epoch  33 | time:  3.58s | valid loss  4.51 | valid ppl    90.85
-----------------------------------------------------------------------------------------
| epoch  34 |   100/  204 batches | lr 0.08 | ms/batch 16.49 | loss  4.23 | ppl    68.54
| epoch  34 |   200/  204 batches | lr 0.08 | ms/batch 16.23 | loss  4.15 | ppl    63.73
-----------------------------------------------------------------------------------------
| end of epoch  34 | time:  3.58s | valid loss  4.51 | valid ppl    90.82
-----------------------------------------------------------------------------------------
| epoch  35 |   100/  204 batches | lr 0.08 | ms/batch 16.27 | loss  4.23 | ppl    68.48
| epoch  35 |   200/  204 batches | lr 0.08 | ms/batch 16.02 | loss  4.15 | ppl    63.56
-----------------------------------------------------------------------------------------
| end of epoch  35 | time:  3.54s | valid loss  4.51 | valid ppl    90.82
-----------------------------------------------------------------------------------------
| epoch  36 |   100/  204 batches | lr 0.08 | ms/batch 16.16 | loss  4.22 | ppl    68.15
| epoch  36 |   200/  204 batches | lr 0.08 | ms/batch 16.03 | loss  4.15 | ppl    63.56
-----------------------------------------------------------------------------------------
| end of epoch  36 | time:  3.52s | valid loss  4.51 | valid ppl    90.82
-----------------------------------------------------------------------------------------
| epoch  37 |   100/  204 batches | lr 0.02 | ms/batch 16.15 | loss  4.23 | ppl    68.60
| epoch  37 |   200/  204 batches | lr 0.02 | ms/batch 16.02 | loss  4.15 | ppl    63.40
-----------------------------------------------------------------------------------------
| end of epoch  37 | time:  3.53s | valid loss  4.51 | valid ppl    90.82
-----------------------------------------------------------------------------------------
| epoch  38 |   100/  204 batches | lr 0.00 | ms/batch 16.16 | loss  4.23 | ppl    68.40
| epoch  38 |   200/  204 batches | lr 0.00 | ms/batch 15.98 | loss  4.16 | ppl    63.84
-----------------------------------------------------------------------------------------
| end of epoch  38 | time:  3.56s | valid loss  4.51 | valid ppl    90.82
-----------------------------------------------------------------------------------------
| epoch  39 |   100/  204 batches | lr 0.00 | ms/batch 16.15 | loss  4.22 | ppl    68.32
| epoch  39 |   200/  204 batches | lr 0.00 | ms/batch 15.98 | loss  4.15 | ppl    63.43
-----------------------------------------------------------------------------------------
| end of epoch  39 | time:  3.53s | valid loss  4.51 | valid ppl    90.82
-----------------------------------------------------------------------------------------
| epoch  40 |   100/  204 batches | lr 0.00 | ms/batch 16.20 | loss  4.22 | ppl    68.25
| epoch  40 |   200/  204 batches | lr 0.00 | ms/batch 16.02 | loss  4.15 | ppl    63.31
-----------------------------------------------------------------------------------------
| end of epoch  40 | time:  3.54s | valid loss  4.51 | valid ppl    90.82
-----------------------------------------------------------------------------------------
| epoch  41 |   100/  204 batches | lr 0.00 | ms/batch 16.18 | loss  4.23 | ppl    68.51
| epoch  41 |   200/  204 batches | lr 0.00 | ms/batch 15.95 | loss  4.15 | ppl    63.58
-----------------------------------------------------------------------------------------
| end of epoch  41 | time:  3.52s | valid loss  4.51 | valid ppl    90.82
-----------------------------------------------------------------------------------------
| epoch  42 |   100/  204 batches | lr 0.00 | ms/batch 16.71 | loss  4.23 | ppl    68.47
| epoch  42 |   200/  204 batches | lr 0.00 | ms/batch 16.21 | loss  4.15 | ppl    63.54
-----------------------------------------------------------------------------------------
| end of epoch  42 | time:  3.62s | valid loss  4.51 | valid ppl    90.82
-----------------------------------------------------------------------------------------
| epoch  43 |   100/  204 batches | lr 0.00 | ms/batch 16.66 | loss  4.23 | ppl    68.39
| epoch  43 |   200/  204 batches | lr 0.00 | ms/batch 16.32 | loss  4.15 | ppl    63.57
-----------------------------------------------------------------------------------------
| end of epoch  43 | time:  3.61s | valid loss  4.51 | valid ppl    90.82
-----------------------------------------------------------------------------------------
| epoch  44 |   100/  204 batches | lr 0.00 | ms/batch 16.21 | loss  4.23 | ppl    68.49
| epoch  44 |   200/  204 batches | lr 0.00 | ms/batch 16.05 | loss  4.15 | ppl    63.26
-----------------------------------------------------------------------------------------
| end of epoch  44 | time:  3.54s | valid loss  4.51 | valid ppl    90.82
-----------------------------------------------------------------------------------------
| epoch  45 |   100/  204 batches | lr 0.00 | ms/batch 16.19 | loss  4.22 | ppl    68.12
| epoch  45 |   200/  204 batches | lr 0.00 | ms/batch 15.97 | loss  4.15 | ppl    63.67
-----------------------------------------------------------------------------------------
| end of epoch  45 | time:  3.53s | valid loss  4.51 | valid ppl    90.82
-----------------------------------------------------------------------------------------
| epoch  46 |   100/  204 batches | lr 0.00 | ms/batch 16.16 | loss  4.22 | ppl    68.32
| epoch  46 |   200/  204 batches | lr 0.00 | ms/batch 16.66 | loss  4.15 | ppl    63.26
-----------------------------------------------------------------------------------------
| end of epoch  46 | time:  3.58s | valid loss  4.51 | valid ppl    90.82
-----------------------------------------------------------------------------------------
| epoch  47 |   100/  204 batches | lr 0.00 | ms/batch 16.38 | loss  4.23 | ppl    68.83
| epoch  47 |   200/  204 batches | lr 0.00 | ms/batch 16.29 | loss  4.15 | ppl    63.31
-----------------------------------------------------------------------------------------
| end of epoch  47 | time:  3.59s | valid loss  4.51 | valid ppl    90.82
-----------------------------------------------------------------------------------------
| epoch  48 |   100/  204 batches | lr 0.00 | ms/batch 16.11 | loss  4.23 | ppl    68.41
| epoch  48 |   200/  204 batches | lr 0.00 | ms/batch 16.11 | loss  4.15 | ppl    63.19
-----------------------------------------------------------------------------------------
| end of epoch  48 | time:  3.53s | valid loss  4.51 | valid ppl    90.82
-----------------------------------------------------------------------------------------
| epoch  49 |   100/  204 batches | lr 0.00 | ms/batch 16.14 | loss  4.23 | ppl    68.56
| epoch  49 |   200/  204 batches | lr 0.00 | ms/batch 15.94 | loss  4.15 | ppl    63.59
-----------------------------------------------------------------------------------------
| end of epoch  49 | time:  3.52s | valid loss  4.51 | valid ppl    90.82
-----------------------------------------------------------------------------------------
| epoch  50 |   100/  204 batches | lr 0.00 | ms/batch 17.00 | loss  4.23 | ppl    68.47
| epoch  50 |   200/  204 batches | lr 0.00 | ms/batch 16.44 | loss  4.15 | ppl    63.41
-----------------------------------------------------------------------------------------
| end of epoch  50 | time:  3.66s | valid loss  4.51 | valid ppl    90.82
-----------------------------------------------------------------------------------------
=========================================================================================
| End of training | test loss  4.11 | test ppl    60.71
=========================================================================================
