--epochs 40 \
--mps \
--log-interval 100 \
--emsize 200 --nhid 200 --dropout 0.5 --tied \
--save_model $models/model.pt

| epoch   1 |   100/  204 batches | lr 20.00 | ms/batch 22.13 | loss  6.48 | ppl   648.75
| epoch   1 |   200/  204 batches | lr 20.00 | ms/batch 16.66 | loss  5.66 | ppl   288.58
-----------------------------------------------------------------------------------------
| end of epoch   1 | time:  4.43s | valid loss  5.49 | valid ppl   243.24
-----------------------------------------------------------------------------------------
| epoch   2 |   100/  204 batches | lr 20.00 | ms/batch 17.38 | loss  5.39 | ppl   219.36
| epoch   2 |   200/  204 batches | lr 20.00 | ms/batch 15.92 | loss  5.17 | ppl   176.02
-----------------------------------------------------------------------------------------
| end of epoch   2 | time:  3.64s | valid loss  5.07 | valid ppl   158.43
-----------------------------------------------------------------------------------------
| epoch   3 |   100/  204 batches | lr 20.00 | ms/batch 16.03 | loss  5.09 | ppl   161.77
| epoch   3 |   200/  204 batches | lr 20.00 | ms/batch 15.75 | loss  4.97 | ppl   144.65
-----------------------------------------------------------------------------------------
| end of epoch   3 | time:  3.49s | valid loss  4.90 | valid ppl   133.92
-----------------------------------------------------------------------------------------
| epoch   4 |   100/  204 batches | lr 20.00 | ms/batch 16.19 | loss  4.93 | ppl   139.01
| epoch   4 |   200/  204 batches | lr 20.00 | ms/batch 16.02 | loss  4.85 | ppl   127.79
-----------------------------------------------------------------------------------------
| end of epoch   4 | time:  3.53s | valid loss  4.80 | valid ppl   121.20
-----------------------------------------------------------------------------------------
| epoch   5 |   100/  204 batches | lr 20.00 | ms/batch 16.16 | loss  4.84 | ppl   126.81
| epoch   5 |   200/  204 batches | lr 20.00 | ms/batch 15.96 | loss  4.77 | ppl   118.18
-----------------------------------------------------------------------------------------
| end of epoch   5 | time:  3.52s | valid loss  4.74 | valid ppl   114.85
-----------------------------------------------------------------------------------------
| epoch   6 |   100/  204 batches | lr 20.00 | ms/batch 16.16 | loss  4.78 | ppl   119.31
| epoch   6 |   200/  204 batches | lr 20.00 | ms/batch 16.00 | loss  4.72 | ppl   112.15
-----------------------------------------------------------------------------------------
| end of epoch   6 | time:  3.53s | valid loss  4.71 | valid ppl   110.76
-----------------------------------------------------------------------------------------
| epoch   7 |   100/  204 batches | lr 20.00 | ms/batch 16.16 | loss  4.73 | ppl   113.00
| epoch   7 |   200/  204 batches | lr 20.00 | ms/batch 16.02 | loss  4.67 | ppl   106.65
-----------------------------------------------------------------------------------------
| end of epoch   7 | time:  3.53s | valid loss  4.68 | valid ppl   107.67
-----------------------------------------------------------------------------------------
| epoch   8 |   100/  204 batches | lr 20.00 | ms/batch 16.19 | loss  4.69 | ppl   108.42
| epoch   8 |   200/  204 batches | lr 20.00 | ms/batch 16.00 | loss  4.63 | ppl   103.00
-----------------------------------------------------------------------------------------
| end of epoch   8 | time:  3.54s | valid loss  4.66 | valid ppl   105.71
-----------------------------------------------------------------------------------------
| epoch   9 |   100/  204 batches | lr 20.00 | ms/batch 16.18 | loss  4.66 | ppl   105.12
| epoch   9 |   200/  204 batches | lr 20.00 | ms/batch 15.99 | loss  4.61 | ppl   100.39
-----------------------------------------------------------------------------------------
| end of epoch   9 | time:  3.53s | valid loss  4.65 | valid ppl   104.59
-----------------------------------------------------------------------------------------
| epoch  10 |   100/  204 batches | lr 20.00 | ms/batch 16.15 | loss  4.63 | ppl   102.67
| epoch  10 |   200/  204 batches | lr 20.00 | ms/batch 16.02 | loss  4.59 | ppl    98.02
-----------------------------------------------------------------------------------------
| end of epoch  10 | time:  3.53s | valid loss  4.63 | valid ppl   102.01
-----------------------------------------------------------------------------------------
| epoch  11 |   100/  204 batches | lr 20.00 | ms/batch 16.20 | loss  4.61 | ppl   100.01
| epoch  11 |   200/  204 batches | lr 20.00 | ms/batch 16.46 | loss  4.56 | ppl    95.25
-----------------------------------------------------------------------------------------
| end of epoch  11 | time:  3.58s | valid loss  4.60 | valid ppl    99.90
-----------------------------------------------------------------------------------------
| epoch  12 |   100/  204 batches | lr 20.00 | ms/batch 16.20 | loss  4.58 | ppl    97.28
| epoch  12 |   200/  204 batches | lr 20.00 | ms/batch 16.03 | loss  4.53 | ppl    93.20
-----------------------------------------------------------------------------------------
| end of epoch  12 | time:  3.53s | valid loss  4.62 | valid ppl   101.25
-----------------------------------------------------------------------------------------
| epoch  13 |   100/  204 batches | lr 5.00 | ms/batch 16.21 | loss  4.49 | ppl    88.82
| epoch  13 |   200/  204 batches | lr 5.00 | ms/batch 16.01 | loss  4.36 | ppl    78.27
-----------------------------------------------------------------------------------------
| end of epoch  13 | time:  3.53s | valid loss  4.54 | valid ppl    93.32
-----------------------------------------------------------------------------------------
| epoch  14 |   100/  204 batches | lr 5.00 | ms/batch 16.18 | loss  4.42 | ppl    82.83
| epoch  14 |   200/  204 batches | lr 5.00 | ms/batch 16.01 | loss  4.34 | ppl    76.56
-----------------------------------------------------------------------------------------
| end of epoch  14 | time:  3.53s | valid loss  4.53 | valid ppl    92.38
-----------------------------------------------------------------------------------------
| epoch  15 |   100/  204 batches | lr 5.00 | ms/batch 16.23 | loss  4.39 | ppl    80.89
| epoch  15 |   200/  204 batches | lr 5.00 | ms/batch 16.01 | loss  4.32 | ppl    74.97
-----------------------------------------------------------------------------------------
| end of epoch  15 | time:  3.54s | valid loss  4.52 | valid ppl    91.91
-----------------------------------------------------------------------------------------
| epoch  16 |   100/  204 batches | lr 5.00 | ms/batch 16.20 | loss  4.37 | ppl    79.08
| epoch  16 |   200/  204 batches | lr 5.00 | ms/batch 15.99 | loss  4.30 | ppl    73.62
-----------------------------------------------------------------------------------------
| end of epoch  16 | time:  3.54s | valid loss  4.52 | valid ppl    91.91
-----------------------------------------------------------------------------------------
| epoch  17 |   100/  204 batches | lr 1.25 | ms/batch 16.19 | loss  4.34 | ppl    76.82
| epoch  17 |   200/  204 batches | lr 1.25 | ms/batch 15.97 | loss  4.25 | ppl    69.93
-----------------------------------------------------------------------------------------
| end of epoch  17 | time:  3.53s | valid loss  4.51 | valid ppl    91.09
-----------------------------------------------------------------------------------------
| epoch  18 |   100/  204 batches | lr 1.25 | ms/batch 16.48 | loss  4.32 | ppl    75.44
| epoch  18 |   200/  204 batches | lr 1.25 | ms/batch 15.94 | loss  4.24 | ppl    69.16
-----------------------------------------------------------------------------------------
| end of epoch  18 | time:  3.56s | valid loss  4.51 | valid ppl    90.88
-----------------------------------------------------------------------------------------
| epoch  19 |   100/  204 batches | lr 1.25 | ms/batch 16.16 | loss  4.31 | ppl    74.79
| epoch  19 |   200/  204 batches | lr 1.25 | ms/batch 16.01 | loss  4.24 | ppl    69.11
-----------------------------------------------------------------------------------------
| end of epoch  19 | time:  3.53s | valid loss  4.51 | valid ppl    90.74
-----------------------------------------------------------------------------------------
| epoch  20 |   100/  204 batches | lr 1.25 | ms/batch 16.18 | loss  4.31 | ppl    74.26
| epoch  20 |   200/  204 batches | lr 1.25 | ms/batch 16.03 | loss  4.22 | ppl    68.22
-----------------------------------------------------------------------------------------
| end of epoch  20 | time:  3.53s | valid loss  4.51 | valid ppl    90.69
-----------------------------------------------------------------------------------------
| epoch  21 |   100/  204 batches | lr 1.25 | ms/batch 16.21 | loss  4.30 | ppl    73.81
| epoch  21 |   200/  204 batches | lr 1.25 | ms/batch 16.07 | loss  4.22 | ppl    68.15
-----------------------------------------------------------------------------------------
| end of epoch  21 | time:  3.54s | valid loss  4.51 | valid ppl    90.59
-----------------------------------------------------------------------------------------
| epoch  22 |   100/  204 batches | lr 1.25 | ms/batch 18.00 | loss  4.30 | ppl    73.47
| epoch  22 |   200/  204 batches | lr 1.25 | ms/batch 16.74 | loss  4.22 | ppl    67.93
-----------------------------------------------------------------------------------------
| end of epoch  22 | time:  3.79s | valid loss  4.51 | valid ppl    90.49
-----------------------------------------------------------------------------------------
| epoch  23 |   100/  204 batches | lr 1.25 | ms/batch 16.37 | loss  4.29 | ppl    72.72
| epoch  23 |   200/  204 batches | lr 1.25 | ms/batch 16.08 | loss  4.22 | ppl    68.03
-----------------------------------------------------------------------------------------
| end of epoch  23 | time:  3.55s | valid loss  4.51 | valid ppl    90.51
-----------------------------------------------------------------------------------------
| epoch  24 |   100/  204 batches | lr 0.31 | ms/batch 16.24 | loss  4.28 | ppl    72.31
| epoch  24 |   200/  204 batches | lr 0.31 | ms/batch 16.05 | loss  4.20 | ppl    67.01
-----------------------------------------------------------------------------------------
| end of epoch  24 | time:  3.55s | valid loss  4.50 | valid ppl    90.29
-----------------------------------------------------------------------------------------
| epoch  25 |   100/  204 batches | lr 0.31 | ms/batch 16.20 | loss  4.28 | ppl    72.44
| epoch  25 |   200/  204 batches | lr 0.31 | ms/batch 16.00 | loss  4.20 | ppl    66.60
-----------------------------------------------------------------------------------------
| end of epoch  25 | time:  3.54s | valid loss  4.50 | valid ppl    90.21
-----------------------------------------------------------------------------------------
| epoch  26 |   100/  204 batches | lr 0.31 | ms/batch 16.26 | loss  4.28 | ppl    72.20
| epoch  26 |   200/  204 batches | lr 0.31 | ms/batch 15.97 | loss  4.20 | ppl    66.66
-----------------------------------------------------------------------------------------
| end of epoch  26 | time:  3.54s | valid loss  4.50 | valid ppl    90.20
-----------------------------------------------------------------------------------------
| epoch  27 |   100/  204 batches | lr 0.31 | ms/batch 16.24 | loss  4.28 | ppl    71.91
| epoch  27 |   200/  204 batches | lr 0.31 | ms/batch 16.15 | loss  4.19 | ppl    66.25
-----------------------------------------------------------------------------------------
| end of epoch  27 | time:  3.55s | valid loss  4.50 | valid ppl    90.20
-----------------------------------------------------------------------------------------
| epoch  28 |   100/  204 batches | lr 0.08 | ms/batch 16.30 | loss  4.27 | ppl    71.79
| epoch  28 |   200/  204 batches | lr 0.08 | ms/batch 16.22 | loss  4.19 | ppl    66.12
-----------------------------------------------------------------------------------------
| end of epoch  28 | time:  3.57s | valid loss  4.50 | valid ppl    90.18
-----------------------------------------------------------------------------------------
| epoch  29 |   100/  204 batches | lr 0.08 | ms/batch 16.25 | loss  4.27 | ppl    71.57
| epoch  29 |   200/  204 batches | lr 0.08 | ms/batch 16.13 | loss  4.19 | ppl    66.14
-----------------------------------------------------------------------------------------
| end of epoch  29 | time:  3.55s | valid loss  4.50 | valid ppl    90.16
-----------------------------------------------------------------------------------------
| epoch  30 |   100/  204 batches | lr 0.08 | ms/batch 16.38 | loss  4.27 | ppl    71.86
| epoch  30 |   200/  204 batches | lr 0.08 | ms/batch 16.43 | loss  4.19 | ppl    66.24
-----------------------------------------------------------------------------------------
| end of epoch  30 | time:  3.60s | valid loss  4.50 | valid ppl    90.15
-----------------------------------------------------------------------------------------
| epoch  31 |   100/  204 batches | lr 0.08 | ms/batch 16.40 | loss  4.27 | ppl    71.62
| epoch  31 |   200/  204 batches | lr 0.08 | ms/batch 16.42 | loss  4.20 | ppl    66.37
-----------------------------------------------------------------------------------------
| end of epoch  31 | time:  3.61s | valid loss  4.50 | valid ppl    90.15
-----------------------------------------------------------------------------------------
| epoch  32 |   100/  204 batches | lr 0.08 | ms/batch 17.24 | loss  4.27 | ppl    71.19
| epoch  32 |   200/  204 batches | lr 0.08 | ms/batch 16.77 | loss  4.18 | ppl    65.56
-----------------------------------------------------------------------------------------
| end of epoch  32 | time:  3.72s | valid loss  4.50 | valid ppl    90.13
-----------------------------------------------------------------------------------------
| epoch  33 |   100/  204 batches | lr 0.08 | ms/batch 16.34 | loss  4.27 | ppl    71.51
| epoch  33 |   200/  204 batches | lr 0.08 | ms/batch 16.17 | loss  4.19 | ppl    66.05
-----------------------------------------------------------------------------------------
| end of epoch  33 | time:  3.56s | valid loss  4.50 | valid ppl    90.14
-----------------------------------------------------------------------------------------
| epoch  34 |   100/  204 batches | lr 0.02 | ms/batch 16.39 | loss  4.27 | ppl    71.17
| epoch  34 |   200/  204 batches | lr 0.02 | ms/batch 16.17 | loss  4.19 | ppl    66.32
-----------------------------------------------------------------------------------------
| end of epoch  34 | time:  3.59s | valid loss  4.50 | valid ppl    90.14
-----------------------------------------------------------------------------------------
| epoch  35 |   100/  204 batches | lr 0.00 | ms/batch 16.29 | loss  4.27 | ppl    71.33
| epoch  35 |   200/  204 batches | lr 0.00 | ms/batch 16.40 | loss  4.20 | ppl    66.38
-----------------------------------------------------------------------------------------
| end of epoch  35 | time:  3.61s | valid loss  4.50 | valid ppl    90.14
-----------------------------------------------------------------------------------------
| epoch  36 |   100/  204 batches | lr 0.00 | ms/batch 16.59 | loss  4.27 | ppl    71.38
| epoch  36 |   200/  204 batches | lr 0.00 | ms/batch 16.36 | loss  4.19 | ppl    66.22
-----------------------------------------------------------------------------------------
| end of epoch  36 | time:  3.64s | valid loss  4.50 | valid ppl    90.14
-----------------------------------------------------------------------------------------
| epoch  37 |   100/  204 batches | lr 0.00 | ms/batch 16.51 | loss  4.27 | ppl    71.57
| epoch  37 |   200/  204 batches | lr 0.00 | ms/batch 16.04 | loss  4.19 | ppl    65.97
-----------------------------------------------------------------------------------------
| end of epoch  37 | time:  3.59s | valid loss  4.50 | valid ppl    90.14
-----------------------------------------------------------------------------------------
| epoch  38 |   100/  204 batches | lr 0.00 | ms/batch 16.44 | loss  4.27 | ppl    71.67
| epoch  38 |   200/  204 batches | lr 0.00 | ms/batch 16.99 | loss  4.19 | ppl    66.15
-----------------------------------------------------------------------------------------
| end of epoch  38 | time:  3.68s | valid loss  4.50 | valid ppl    90.14
-----------------------------------------------------------------------------------------
| epoch  39 |   100/  204 batches | lr 0.00 | ms/batch 16.48 | loss  4.27 | ppl    71.30
| epoch  39 |   200/  204 batches | lr 0.00 | ms/batch 16.23 | loss  4.19 | ppl    66.22
-----------------------------------------------------------------------------------------
| end of epoch  39 | time:  3.60s | valid loss  4.50 | valid ppl    90.14
-----------------------------------------------------------------------------------------
| epoch  40 |   100/  204 batches | lr 0.00 | ms/batch 16.25 | loss  4.27 | ppl    71.18
| epoch  40 |   200/  204 batches | lr 0.00 | ms/batch 16.11 | loss  4.19 | ppl    66.17
-----------------------------------------------------------------------------------------
| end of epoch  40 | time:  3.54s | valid loss  4.50 | valid ppl    90.14
-----------------------------------------------------------------------------------------
=========================================================================================
| End of training | test loss  4.13 | test ppl    62.19
=========================================================================================
time taken:
148 seconds